0 info it worked if it ends with ok
1 verbose cli [ 'node',
1 verbose cli   'C:\\Users\\juanmanuel.garrido\\AppData\\Roaming\\npm\\node_modules\\npm\\bin\\npm-cli.js',
1 verbose cli   'install',
1 verbose cli   '-g',
1 verbose cli   'q-io' ]
2 info using npm@2.10.0
3 info using node@v0.10.32
4 verbose install initial load of C:\Program Files\nodejs\package.json
5 verbose readDependencies loading dependencies from C:\Program Files\nodejs\package.json
6 silly cache add args [ 'q-io', null ]
7 verbose cache add spec q-io
8 silly cache add parsed spec { raw: 'q-io',
8 silly cache add   scope: null,
8 silly cache add   name: 'q-io',
8 silly cache add   rawSpec: '',
8 silly cache add   spec: '*',
8 silly cache add   type: 'range' }
9 silly addNamed q-io@*
10 verbose addNamed "*" is a valid semver range for q-io
11 silly addNameRange { name: 'q-io', range: '*', hasData: false }
12 silly mapToRegistry name q-io
13 silly mapToRegistry using default registry
14 silly mapToRegistry registry https://registry.npmjs.org/
15 silly mapToRegistry uri https://registry.npmjs.org/q-io
16 verbose addNameRange registry:https://registry.npmjs.org/q-io not in flight; fetching
17 verbose request uri https://registry.npmjs.org/q-io
18 verbose request no auth needed
19 info attempt registry request try #1 at 13:23:44
20 verbose request id 33da4837db7babee
21 verbose etag "D50A3A064D8QN8B4KKUPG9D4A"
22 http request GET https://registry.npmjs.org/q-io
23 http 304 https://registry.npmjs.org/q-io
24 silly get cb [ 304,
24 silly get   { date: 'Fri, 24 Jul 2015 11:23:44 GMT',
24 silly get     via: '1.1 varnish',
24 silly get     'cache-control': 'max-age=60',
24 silly get     etag: '"D50A3A064D8QN8B4KKUPG9D4A"',
24 silly get     age: '0',
24 silly get     connection: 'keep-alive',
24 silly get     'x-served-by': 'cache-lcy1127-LCY',
24 silly get     'x-cache': 'HIT',
24 silly get     'x-cache-hits': '1',
24 silly get     'x-timer': 'S1437737024.760033,VS0,VE169',
24 silly get     vary: 'Accept' } ]
25 verbose etag https://registry.npmjs.org/q-io from cache
26 verbose get saving q-io to C:\Users\juanmanuel.garrido\AppData\Roaming\npm-cache\registry.npmjs.org\q-io\.cache.json
27 silly addNameRange number 2 { name: 'q-io', range: '*', hasData: true }
28 silly addNameRange versions [ 'q-io',
28 silly addNameRange   [ '0.0.0',
28 silly addNameRange     '0.0.1',
28 silly addNameRange     '0.0.2',
28 silly addNameRange     '0.0.3',
28 silly addNameRange     '0.0.4',
28 silly addNameRange     '0.0.5',
28 silly addNameRange     '0.0.6',
28 silly addNameRange     '0.0.8',
28 silly addNameRange     '0.0.9',
28 silly addNameRange     '0.0.10',
28 silly addNameRange     '0.0.11',
28 silly addNameRange     '0.0.12',
28 silly addNameRange     '0.0.13',
28 silly addNameRange     '0.0.14',
28 silly addNameRange     '0.0.15',
28 silly addNameRange     '0.0.16',
28 silly addNameRange     '0.0.17',
28 silly addNameRange     '0.0.18',
28 silly addNameRange     '1.0.0',
28 silly addNameRange     '1.1.0',
28 silly addNameRange     '1.1.1',
28 silly addNameRange     '1.2.0',
28 silly addNameRange     '1.3.0',
28 silly addNameRange     '1.3.1',
28 silly addNameRange     '1.3.2',
28 silly addNameRange     '1.4.0',
28 silly addNameRange     '1.4.1',
28 silly addNameRange     '1.5.0',
28 silly addNameRange     '1.5.1',
28 silly addNameRange     '1.5.2',
28 silly addNameRange     '1.5.3',
28 silly addNameRange     '1.5.4',
28 silly addNameRange     '1.6.0',
28 silly addNameRange     '1.6.1',
28 silly addNameRange     '1.6.2',
28 silly addNameRange     '1.6.3',
28 silly addNameRange     '1.6.4',
28 silly addNameRange     '1.6.5',
28 silly addNameRange     '1.6.6',
28 silly addNameRange     '1.7.0',
28 silly addNameRange     '1.7.1',
28 silly addNameRange     '1.7.2',
28 silly addNameRange     '1.7.3',
28 silly addNameRange     '1.8.0',
28 silly addNameRange     '1.9.0',
28 silly addNameRange     '1.9.1',
28 silly addNameRange     '1.9.2',
28 silly addNameRange     '1.9.3',
28 silly addNameRange     '1.9.4',
28 silly addNameRange     '1.10.0',
28 silly addNameRange     '1.10.1',
28 silly addNameRange     '1.10.2',
28 silly addNameRange     '1.10.3',
28 silly addNameRange     '1.10.4',
28 silly addNameRange     '1.10.5',
28 silly addNameRange     '1.10.6',
28 silly addNameRange     '1.10.8',
28 silly addNameRange     '1.10.9',
28 silly addNameRange     '1.11.0',
28 silly addNameRange     '2.0.0',
28 silly addNameRange     '2.0.1',
28 silly addNameRange     '2.0.2',
28 silly addNameRange     '1.11.1',
28 silly addNameRange     '2.0.3',
28 silly addNameRange     '2.0.4',
28 silly addNameRange     '2.0.5',
28 silly addNameRange     '2.0.6',
28 silly addNameRange     '1.11.2',
28 silly addNameRange     '1.11.3',
28 silly addNameRange     '1.11.4',
28 silly addNameRange     '1.11.5',
28 silly addNameRange     '1.11.6',
28 silly addNameRange     '1.12.0',
28 silly addNameRange     '1.13.0',
28 silly addNameRange     '1.13.1' ] ]
29 silly addNamed q-io@1.13.1
30 verbose addNamed "1.13.1" is a plain semver version for q-io
31 silly cache afterAdd q-io@1.13.1
32 verbose afterAdd C:\Users\juanmanuel.garrido\AppData\Roaming\npm-cache\q-io\1.13.1\package\package.json not in flight; writing
33 verbose afterAdd C:\Users\juanmanuel.garrido\AppData\Roaming\npm-cache\q-io\1.13.1\package\package.json written
34 silly install resolved [ { name: 'q-io',
34 silly install resolved     version: '1.13.1',
34 silly install resolved     description: 'IO using Q promises',
34 silly install resolved     homepage: 'http://github.com/kriskowal/q-io/',
34 silly install resolved     author:
34 silly install resolved      { name: 'Kris Kowal',
34 silly install resolved        email: 'kris@cixar.com',
34 silly install resolved        url: 'http://github.com/kriskowal/' },
34 silly install resolved     contributors: [ [Object], [Object], [Object], [Object] ],
34 silly install resolved     bugs: { url: 'http://github.com/kriskowal/q-io/issues' },
34 silly install resolved     license: 'MIT',
34 silly install resolved     repository:
34 silly install resolved      { type: 'git',
34 silly install resolved        url: 'git+ssh://git@github.com/kriskowal/q-io.git' },
34 silly install resolved     dependencies:
34 silly install resolved      { q: '^1.0.1',
34 silly install resolved        qs: '^1.2.1',
34 silly install resolved        url2: '^0.0.0',
34 silly install resolved        mime: '^1.2.11',
34 silly install resolved        mimeparse: '^0.1.4',
34 silly install resolved        collections: '^0.2.0' },
34 silly install resolved     devDependencies:
34 silly install resolved      { jshint: '^0.9.1',
34 silly install resolved        cover: '^0.2.8',
34 silly install resolved        'jasmine-node': '^1.7',
34 silly install resolved        opener: '^1.3' },
34 silly install resolved     scripts:
34 silly install resolved      { test: 'jasmine-node spec',
34 silly install resolved        'test-browser': 'opener spec/q-spec.html',
34 silly install resolved        lint: 'jshint q.js',
34 silly install resolved        cover: 'cover run jasmine-node spec && cover report html && opener cover_html/index.html' },
34 silly install resolved     engines: { node: '>=0.6.0' },
34 silly install resolved     gitHead: 'aa77dd49074756779bf3c510623a208377c76bc1',
34 silly install resolved     _id: 'q-io@1.13.1',
34 silly install resolved     _shasum: '9fa9ceca24df721065f537e64fa0c768e24a0385',
34 silly install resolved     _from: 'q-io@*',
34 silly install resolved     _npmVersion: '2.8.3',
34 silly install resolved     _nodeVersion: '1.8.1',
34 silly install resolved     _npmUser: { name: 'kriskowal', email: 'kris.kowal@cixar.com' },
34 silly install resolved     maintainers: [ [Object], [Object] ],
34 silly install resolved     dist:
34 silly install resolved      { shasum: '9fa9ceca24df721065f537e64fa0c768e24a0385',
34 silly install resolved        tarball: 'http://registry.npmjs.org/q-io/-/q-io-1.13.1.tgz' },
34 silly install resolved     directories: {},
34 silly install resolved     _resolved: 'https://registry.npmjs.org/q-io/-/q-io-1.13.1.tgz',
34 silly install resolved     readme: 'ERROR: No README data found!' } ]
35 info install q-io@1.13.1 into C:\Program Files\nodejs
36 info installOne q-io@1.13.1
37 verbose installOne of q-io to C:\Program Files\nodejs not in flight; installing
38 verbose lock using C:\Users\juanmanuel.garrido\AppData\Roaming\npm-cache\_locks\q-io-5edbcfa358767223.lock for C:\Program Files\nodejs\node_modules\q-io
39 silly install write writing q-io 1.13.1 to C:\Program Files\nodejs\node_modules\q-io
40 verbose unbuild node_modules\q-io
41 silly gentlyRm C:\Program Files\nodejs\node_modules\q-io is being purged from base C:\Program Files\nodejs
42 verbose gentlyRm don't care about contents; nuking C:\Program Files\nodejs\node_modules\q-io
43 verbose tar unpack C:\Users\juanmanuel.garrido\AppData\Roaming\npm-cache\q-io\1.13.1\package.tgz
44 verbose tar unpacking to C:\Program Files\nodejs\node_modules\q-io
45 silly gentlyRm C:\Program Files\nodejs\node_modules\q-io is being purged
46 verbose gentlyRm don't care about contents; nuking C:\Program Files\nodejs\node_modules\q-io
47 silly gunzTarPerm modes [ '777', '666' ]
48 error tar.unpack untar error C:\Users\juanmanuel.garrido\AppData\Roaming\npm-cache\q-io\1.13.1\package.tgz
49 verbose unlock done using C:\Users\juanmanuel.garrido\AppData\Roaming\npm-cache\_locks\q-io-5edbcfa358767223.lock for C:\Program Files\nodejs\node_modules\q-io
50 verbose fstream_path C:\Program Files\nodejs\node_modules\q-io
51 verbose fstream_type Directory
52 verbose fstream_class DirWriter
53 verbose stack Error: EPERM, mkdir 'C:\Program Files\nodejs\node_modules\q-io'
54 verbose fstream_stack C:\Users\juanmanuel.garrido\AppData\Roaming\npm\node_modules\npm\node_modules\fstream\lib\dir-writer.js:36:23
54 verbose fstream_stack C:\Users\juanmanuel.garrido\AppData\Roaming\npm\node_modules\npm\node_modules\mkdirp\index.js:46:53
54 verbose fstream_stack Object.oncomplete (fs.js:107:15)
55 verbose cwd C:\_mycode\projects\promise-shop
56 error Windows_NT 6.1.7601
57 error argv "node" "C:\\Users\\juanmanuel.garrido\\AppData\\Roaming\\npm\\node_modules\\npm\\bin\\npm-cli.js" "install" "-g" "q-io"
58 error node v0.10.32
59 error npm  v2.10.0
60 error path C:\Program Files\nodejs\node_modules\q-io
61 error code EPERM
62 error errno 50
63 error Error: EPERM, mkdir 'C:\Program Files\nodejs\node_modules\q-io'
63 error  { [Error: EPERM, mkdir 'C:\Program Files\nodejs\node_modules\q-io']
63 error   errno: 50,
63 error   code: 'EPERM',
63 error   path: 'C:\\Program Files\\nodejs\\node_modules\\q-io',
63 error   fstream_type: 'Directory',
63 error   fstream_path: 'C:\\Program Files\\nodejs\\node_modules\\q-io',
63 error   fstream_class: 'DirWriter',
63 error   fstream_stack:
63 error    [ 'C:\\Users\\juanmanuel.garrido\\AppData\\Roaming\\npm\\node_modules\\npm\\node_modules\\fstream\\lib\\dir-writer.js:36:23',
63 error      'C:\\Users\\juanmanuel.garrido\\AppData\\Roaming\\npm\\node_modules\\npm\\node_modules\\mkdirp\\index.js:46:53',
63 error      'Object.oncomplete (fs.js:107:15)' ] }
64 error Please try running this command again as root/Administrator.
65 verbose exit [ 50, true ]
66 verbose unbuild node_modules\q-io
67 silly gentlyRm C:\Program Files\nodejs\node_modules\q-io is being purged from base C:\Program Files\nodejs
68 verbose gentlyRm don't care about contents; nuking C:\Program Files\nodejs\node_modules\q-io
